TN:
SF:/Users/richard/Projects/seneca/msg-test/msg-test.js
DA:1,1
DA:2,1
DA:3,1
DA:4,1
DA:5,1
DA:6,1
DA:7,1
DA:8,1
DA:9,1
DA:10,1
DA:11,1
DA:12,1
DA:13,1
DA:14,1
DA:15,1
DA:16,1
DA:17,1
DA:18,1
DA:19,1
DA:20,1
DA:21,1
DA:22,1
DA:23,1
DA:24,1
DA:25,1
DA:26,1
DA:27,1
DA:28,1
DA:29,1
DA:30,1
DA:31,1
DA:32,1
DA:33,1
DA:34,1
DA:35,1
DA:36,1
DA:37,1
DA:38,1
DA:39,1
DA:40,1
DA:41,1
DA:42,1
DA:43,1
DA:44,1
DA:45,1
DA:46,1
DA:47,1
DA:48,1
DA:49,1
DA:50,7
DA:51,1
DA:52,7
DA:53,1
DA:54,1
DA:55,0
DA:56,1
DA:57,7
DA:58,7
DA:59,1
DA:60,1
DA:61,7
DA:62,1
DA:63,7
DA:64,0
DA:65,1
DA:66,1
DA:67,7
DA:68,5
DA:69,5
DA:70,1
DA:71,1
DA:72,7
DA:73,1
DA:74,7
DA:75,1
DA:76,1
DA:77,1
DA:78,1
DA:79,7
DA:80,1
DA:81,6
DA:82,1
DA:83,1
DA:84,1
DA:85,6
DA:86,1
DA:87,1
DA:88,1
DA:89,1
DA:90,1
DA:91,1
DA:92,1
DA:93,6
DA:94,1
DA:95,1
DA:96,1
DA:97,1
DA:98,5
DA:99,1
DA:100,1
DA:101,1
DA:102,1
DA:103,1
DA:104,22
DA:105,22
DA:106,5
DA:107,1
DA:108,1
DA:109,17
DA:110,1
DA:111,0
DA:112,0
DA:113,1
DA:114,1
DA:115,17
DA:116,1
DA:117,17
DA:118,1
DA:119,1
DA:120,16
DA:121,1
DA:122,1
DA:123,0
DA:124,1
DA:125,0
DA:126,0
DA:127,1
DA:128,1
DA:129,0
DA:130,0
DA:131,1
DA:132,1
DA:133,17
DA:134,1
DA:135,1
DA:136,0
DA:137,1
DA:138,1
DA:139,17
DA:140,17
DA:141,1
DA:142,17
DA:143,1
DA:144,16
DA:145,0
DA:146,0
DA:147,0
DA:148,1
DA:149,1
DA:150,1
DA:151,1
DA:152,1
DA:153,16
DA:154,0
DA:155,0
DA:156,1
DA:157,1
DA:158,1
DA:159,1
DA:160,0
DA:161,0
DA:162,1
DA:163,1
DA:164,1
DA:165,1
DA:166,1
DA:167,0
DA:168,0
DA:169,1
DA:170,1
DA:171,1
DA:172,0
DA:173,0
DA:174,0
DA:175,1
DA:176,1
DA:177,1
DA:178,1
DA:179,1
DA:180,16
DA:181,0
DA:182,0
DA:183,1
DA:184,1
DA:185,1
DA:186,15
DA:187,1
DA:188,1
DA:189,1
DA:190,15
DA:191,1
DA:192,1
DA:193,0
DA:194,0
DA:195,1
DA:196,1
DA:197,1
DA:198,0
DA:199,1
DA:200,1
DA:201,1
DA:202,1
DA:203,1
DA:204,1
DA:205,1
DA:206,1
DA:207,16
DA:208,1
DA:209,1
DA:210,1
DA:211,1
DA:212,0
DA:213,0
DA:214,1
DA:215,1
DA:216,1
DA:217,1
DA:218,0
DA:219,1
DA:220,1
DA:221,1
DA:222,1
DA:223,1
DA:224,16
DA:225,4
DA:226,1
DA:227,1
DA:228,1
DA:229,1
DA:230,1
DA:231,1
DA:232,1
DA:233,1
DA:234,1
DA:235,1
DA:236,16
DA:237,1
DA:238,1
DA:239,1
DA:240,1
DA:241,1
DA:242,1
DA:243,1
DA:244,1
DA:245,1
DA:246,1
DA:247,8
DA:248,6
DA:249,1
DA:250,6
DA:251,1
DA:252,1
DA:253,1
DA:254,1
DA:255,1
DA:256,1
DA:257,1
DA:258,2
DA:259,1
DA:260,0
DA:261,1
DA:262,1
DA:263,0
DA:264,1
DA:265,1
DA:266,1
DA:267,1
DA:268,1
DA:269,1
DA:270,1
DA:271,1
DA:272,14
DA:273,1
DA:274,1
DA:275,1
DA:276,1
DA:277,1
DA:278,1
DA:279,1
DA:280,7
DA:281,1
DA:282,7
DA:283,1
DA:284,17
DA:285,1
DA:286,1
DA:287,1
DA:288,7
DA:289,1
DA:290,17
DA:291,16
DA:292,1
DA:293,1
DA:294,1
DA:295,1
DA:296,7
DA:297,1
DA:298,1
DA:299,1
DA:300,1
DA:301,1
DA:302,1
DA:303,1
DA:304,1
DA:305,0
DA:306,1
DA:307,1
DA:308,0
DA:309,1
DA:310,1
DA:311,0
DA:312,0
DA:313,1
DA:314,0
DA:315,0
DA:316,1
DA:317,1
DA:318,1
LF:260
LH:222
end_of_record
