TN:
SF:/Users/richard/Projects/seneca/msg-test/msg-test.js
DA:1,1
DA:2,1
DA:3,1
DA:4,1
DA:5,1
DA:6,1
DA:7,1
DA:8,1
DA:9,1
DA:10,1
DA:11,1
DA:12,1
DA:13,1
DA:14,1
DA:15,1
DA:16,1
DA:17,1
DA:18,1
DA:19,1
DA:20,1
DA:21,1
DA:22,1
DA:23,1
DA:24,1
DA:25,1
DA:26,1
DA:27,1
DA:28,1
DA:29,1
DA:30,1
DA:31,1
DA:32,1
DA:33,1
DA:34,1
DA:35,1
DA:36,1
DA:37,1
DA:38,1
DA:39,1
DA:40,1
DA:41,1
DA:42,1
DA:43,1
DA:44,1
DA:45,1
DA:46,1
DA:47,1
DA:48,1
DA:49,1
DA:50,1
DA:51,1
DA:52,1
DA:53,1
DA:54,1
DA:55,1
DA:56,0
DA:57,1
DA:58,1
DA:59,1
DA:60,1
DA:61,9
DA:62,1
DA:63,9
DA:64,1
DA:65,9
DA:66,1
DA:67,1
DA:68,1
DA:69,9
DA:70,1
DA:71,1
DA:72,1
DA:73,1
DA:74,9
DA:75,1
DA:76,9
DA:77,9
DA:78,1
DA:79,1
DA:80,9
DA:81,1
DA:82,9
DA:83,0
DA:84,1
DA:85,1
DA:86,9
DA:87,7
DA:88,7
DA:89,1
DA:90,1
DA:91,9
DA:92,1
DA:93,9
DA:94,1
DA:95,1
DA:96,1
DA:97,1
DA:98,1
DA:99,9
DA:100,1
DA:101,9
DA:102,1
DA:103,8
DA:104,1
DA:105,1
DA:106,1
DA:107,8
DA:108,1
DA:109,1
DA:110,1
DA:111,1
DA:112,1
DA:113,1
DA:114,1
DA:115,8
DA:116,1
DA:117,1
DA:118,1
DA:119,1
DA:120,7
DA:121,1
DA:122,1
DA:123,1
DA:124,1
DA:125,1
DA:126,26
DA:127,26
DA:128,7
DA:129,1
DA:130,1
DA:131,19
DA:132,1
DA:133,0
DA:134,0
DA:135,1
DA:136,1
DA:137,19
DA:138,1
DA:139,19
DA:140,1
DA:141,1
DA:142,18
DA:143,1
DA:144,1
DA:145,0
DA:146,1
DA:147,0
DA:148,0
DA:149,1
DA:150,1
DA:151,0
DA:152,0
DA:153,1
DA:154,1
DA:155,19
DA:156,1
DA:157,1
DA:158,1
DA:159,1
DA:160,1
DA:161,19
DA:162,19
DA:163,1
DA:164,19
DA:165,1
DA:166,19
DA:167,1
DA:168,18
DA:169,1
DA:170,1
DA:171,5
DA:172,1
DA:173,1
DA:174,1
DA:175,1
DA:176,1
DA:177,1
DA:178,1
DA:179,1
DA:180,1
DA:181,1
DA:182,0
DA:183,0
DA:184,0
DA:185,1
DA:186,1
DA:187,1
DA:188,1
DA:189,1
DA:190,18
DA:191,0
DA:192,0
DA:193,1
DA:194,1
DA:195,1
DA:196,1
DA:197,1
DA:198,1
DA:199,0
DA:200,0
DA:201,1
DA:202,1
DA:203,1
DA:204,1
DA:205,1
DA:206,0
DA:207,0
DA:208,1
DA:209,1
DA:210,1
DA:211,0
DA:212,0
DA:213,0
DA:214,1
DA:215,1
DA:216,1
DA:217,1
DA:218,1
DA:219,18
DA:220,0
DA:221,0
DA:222,1
DA:223,1
DA:224,1
DA:225,17
DA:226,1
DA:227,1
DA:228,1
DA:229,17
DA:230,1
DA:231,1
DA:232,0
DA:233,0
DA:234,1
DA:235,1
DA:236,1
DA:237,0
DA:238,1
DA:239,1
DA:240,1
DA:241,1
DA:242,1
DA:243,1
DA:244,1
DA:245,1
DA:246,18
DA:247,1
DA:248,1
DA:249,1
DA:250,1
DA:251,0
DA:252,0
DA:253,1
DA:254,1
DA:255,1
DA:256,1
DA:257,0
DA:258,1
DA:259,1
DA:260,1
DA:261,1
DA:262,1
DA:263,18
DA:264,5
DA:265,1
DA:266,1
DA:267,1
DA:268,1
DA:269,1
DA:270,1
DA:271,1
DA:272,1
DA:273,1
DA:274,1
DA:275,18
DA:276,1
DA:277,1
DA:278,1
DA:279,1
DA:280,1
DA:281,1
DA:282,1
DA:283,1
DA:284,1
DA:285,1
DA:286,8
DA:287,6
DA:288,1
DA:289,6
DA:290,1
DA:291,1
DA:292,1
DA:293,1
DA:294,1
DA:295,1
DA:296,1
DA:297,2
DA:298,1
DA:299,0
DA:300,1
DA:301,1
DA:302,0
DA:303,1
DA:304,1
DA:305,1
DA:306,1
DA:307,1
DA:308,1
DA:309,1
DA:310,1
DA:311,16
DA:312,1
DA:313,1
DA:314,1
DA:315,1
DA:316,1
DA:317,1
DA:318,1
DA:319,9
DA:320,1
DA:321,9
DA:322,1
DA:323,19
DA:324,1
DA:325,1
DA:326,1
DA:327,9
DA:328,1
DA:329,19
DA:330,18
DA:331,1
DA:332,1
DA:333,1
DA:334,1
DA:335,9
DA:336,1
DA:337,1
DA:338,1
DA:339,1
DA:340,1
DA:341,1
DA:342,1
DA:343,1
DA:344,1
DA:345,1
DA:346,1
DA:347,1
DA:348,1
DA:349,1
DA:350,0
DA:351,0
DA:352,1
DA:353,1
DA:354,1
DA:355,1
DA:356,1
DA:357,1
LF:291
LH:258
end_of_record
